[debug] [2021-04-02T17:21:32.053Z] ----------------------------------------------------------------------
[debug] [2021-04-02T17:21:32.057Z] Command:       C:\Program Files\nodejs\node.exe C:\Users\Rashadul Islam\AppData\Roaming\npm\node_modules\firebase-tools\lib\bin\firebase.js deploy
[debug] [2021-04-02T17:21:32.057Z] CLI Version:   9.8.0
[debug] [2021-04-02T17:21:32.057Z] Platform:      win32
[debug] [2021-04-02T17:21:32.057Z] Node Version:  v14.13.1
[debug] [2021-04-02T17:21:32.059Z] Time:          Fri Apr 02 2021 23:21:32 GMT+0600 (Bangladesh Standard Time)
[debug] [2021-04-02T17:21:32.059Z] ----------------------------------------------------------------------
[debug] 
[debug] [2021-04-02T17:21:32.070Z] > command requires scopes: ["email","openid","https://www.googleapis.com/auth/cloudplatformprojects.readonly","https://www.googleapis.com/auth/firebase","https://www.googleapis.com/auth/cloud-platform"]
[debug] [2021-04-02T17:21:32.070Z] > authorizing via signed-in user
[debug] [2021-04-02T17:21:32.071Z] [iam] checking project haat-bazar-9825a for permissions ["firebase.projects.get","firebasehosting.sites.update"]
[debug] [2021-04-02T17:21:32.074Z] > refreshing access token with scopes: ["email","https://www.googleapis.com/auth/cloud-platform","https://www.googleapis.com/auth/cloudplatformprojects.readonly","https://www.googleapis.com/auth/firebase","openid"]
[debug] [2021-04-02T17:21:32.075Z] >>> HTTP REQUEST POST https://www.googleapis.com/oauth2/v3/token  
 <request body omitted>
[debug] [2021-04-02T17:21:35.174Z] <<< HTTP RESPONSE 200 {"pragma":"no-cache","expires":"Mon, 01 Jan 1990 00:00:00 GMT","cache-control":"no-cache, no-store, max-age=0, must-revalidate","date":"Fri, 02 Apr 2021 17:21:34 GMT","content-type":"application/json; charset=utf-8","vary":"X-Origin, Referer, Origin,Accept-Encoding","server":"scaffolding on HTTPServer2","x-xss-protection":"0","x-frame-options":"SAMEORIGIN","x-content-type-options":"nosniff","alt-svc":"h3-29=\":443\"; ma=2592000,h3-T051=\":443\"; ma=2592000,h3-Q050=\":443\"; ma=2592000,h3-Q046=\":443\"; ma=2592000,h3-Q043=\":443\"; ma=2592000,quic=\":443\"; ma=2592000; v=\"46,43\"","accept-ranges":"none","transfer-encoding":"chunked"}
[debug] [2021-04-02T17:21:35.226Z] >>> HTTP REQUEST POST https://cloudresourcemanager.googleapis.com/v1/projects/haat-bazar-9825a:testIamPermissions  
 {"permissions":["firebase.projects.get","firebasehosting.sites.update"]}
[debug] [2021-04-02T17:21:38.744Z] <<< HTTP RESPONSE 200 {"content-type":"application/json; charset=UTF-8","vary":"X-Origin, Referer, Origin,Accept-Encoding","date":"Fri, 02 Apr 2021 17:21:38 GMT","server":"ESF","cache-control":"private","x-xss-protection":"0","x-frame-options":"SAMEORIGIN","x-content-type-options":"nosniff","server-timing":"gfet4t7; dur=757","alt-svc":"h3-29=\":443\"; ma=2592000,h3-T051=\":443\"; ma=2592000,h3-Q050=\":443\"; ma=2592000,h3-Q046=\":443\"; ma=2592000,h3-Q043=\":443\"; ma=2592000,quic=\":443\"; ma=2592000; v=\"46,43\"","accept-ranges":"none","transfer-encoding":"chunked"}
[debug] [2021-04-02T17:21:38.752Z] > refreshing access token with scopes: []
[debug] [2021-04-02T17:21:38.753Z] >>> HTTP REQUEST POST https://www.googleapis.com/oauth2/v3/token  
 <request body omitted>
[debug] [2021-04-02T17:21:40.818Z] <<< HTTP RESPONSE 200 {"pragma":"no-cache","date":"Fri, 02 Apr 2021 17:21:39 GMT","expires":"Mon, 01 Jan 1990 00:00:00 GMT","cache-control":"no-cache, no-store, max-age=0, must-revalidate","content-type":"application/json; charset=utf-8","vary":"X-Origin, Referer, Origin,Accept-Encoding","server":"scaffolding on HTTPServer2","x-xss-protection":"0","x-frame-options":"SAMEORIGIN","x-content-type-options":"nosniff","alt-svc":"h3-29=\":443\"; ma=2592000,h3-T051=\":443\"; ma=2592000,h3-Q050=\":443\"; ma=2592000,h3-Q046=\":443\"; ma=2592000,h3-Q043=\":443\"; ma=2592000,quic=\":443\"; ma=2592000; v=\"46,43\"","accept-ranges":"none","transfer-encoding":"chunked"}
[debug] [2021-04-02T17:21:40.866Z] >>> [apiv2][query] GET https://firebase.googleapis.com/v1beta1/projects/haat-bazar-9825a [none]
[debug] [2021-04-02T17:21:42.453Z] <<< [apiv2][status] GET https://firebase.googleapis.com/v1beta1/projects/haat-bazar-9825a 200
[debug] [2021-04-02T17:21:42.453Z] <<< [apiv2][body] GET https://firebase.googleapis.com/v1beta1/projects/haat-bazar-9825a {"projectId":"haat-bazar-9825a","projectNumber":"297707012456","displayName":"haat-bazar","name":"projects/haat-bazar-9825a","resources":{"hostingSite":"haat-bazar-9825a"},"state":"ACTIVE"}
[info] 
[info] === Deploying to 'haat-bazar-9825a'...
[info] 
[info] i  deploying hosting 
[debug] [2021-04-02T17:21:42.460Z] > refreshing access token with scopes: ["email","https://www.googleapis.com/auth/cloud-platform","https://www.googleapis.com/auth/cloudplatformprojects.readonly","https://www.googleapis.com/auth/firebase","openid"]
[debug] [2021-04-02T17:21:42.461Z] >>> HTTP REQUEST POST https://www.googleapis.com/oauth2/v3/token  
 <request body omitted>
[debug] [2021-04-02T17:21:44.396Z] <<< HTTP RESPONSE 200 {"date":"Fri, 02 Apr 2021 17:21:44 GMT","expires":"Mon, 01 Jan 1990 00:00:00 GMT","pragma":"no-cache","cache-control":"no-cache, no-store, max-age=0, must-revalidate","content-type":"application/json; charset=utf-8","vary":"X-Origin, Referer, Origin,Accept-Encoding","server":"scaffolding on HTTPServer2","x-xss-protection":"0","x-frame-options":"SAMEORIGIN","x-content-type-options":"nosniff","alt-svc":"h3-29=\":443\"; ma=2592000,h3-T051=\":443\"; ma=2592000,h3-Q050=\":443\"; ma=2592000,h3-Q046=\":443\"; ma=2592000,h3-Q043=\":443\"; ma=2592000,quic=\":443\"; ma=2592000; v=\"46,43\"","accept-ranges":"none","transfer-encoding":"chunked"}
[debug] [2021-04-02T17:21:44.437Z] >>> HTTP REQUEST POST https://firebasehosting.googleapis.com/v1beta1/sites/haat-bazar-9825a/versions  
 {"config":{"rewrites":[{"glob":"**","path":"/index.html"}]},"labels":{"deployment-tool":"cli-firebase"}}
[debug] [2021-04-02T17:21:48.492Z] <<< HTTP RESPONSE 200 {"content-type":"application/json; charset=UTF-8","vary":"X-Origin, Referer, Origin,Accept-Encoding","date":"Fri, 02 Apr 2021 17:21:48 GMT","server":"ESF","cache-control":"private","x-xss-protection":"0","x-frame-options":"SAMEORIGIN","x-content-type-options":"nosniff","alt-svc":"h3-29=\":443\"; ma=2592000,h3-T051=\":443\"; ma=2592000,h3-Q050=\":443\"; ma=2592000,h3-Q046=\":443\"; ma=2592000,h3-Q043=\":443\"; ma=2592000,quic=\":443\"; ma=2592000; v=\"46,43\"","accept-ranges":"none","transfer-encoding":"chunked"}
[info] i  hosting[haat-bazar-9825a]: beginning deploy... 
[info] i  hosting[haat-bazar-9825a]: found 20 files in build 
[debug] [2021-04-02T17:21:48.514Z] > refreshing access token with scopes: []
[debug] [2021-04-02T17:21:48.515Z] >>> HTTP REQUEST POST https://www.googleapis.com/oauth2/v3/token  
 <request body omitted>
[debug] [2021-04-02T17:21:48.518Z] [hosting] hash cache [YnVpbGQ] stored for 20 files
[debug] [2021-04-02T17:21:48.518Z] [hosting][hash queue][FINAL] {"max":3,"min":1,"avg":1,"active":0,"complete":20,"success":20,"errored":0,"retried":0,"total":20,"elapsed":8}
[debug] [2021-04-02T17:21:49.377Z] <<< HTTP RESPONSE 200 {"date":"Fri, 02 Apr 2021 17:21:49 GMT","expires":"Mon, 01 Jan 1990 00:00:00 GMT","pragma":"no-cache","cache-control":"no-cache, no-store, max-age=0, must-revalidate","content-type":"application/json; charset=utf-8","vary":"X-Origin, Referer, Origin,Accept-Encoding","server":"scaffolding on HTTPServer2","x-xss-protection":"0","x-frame-options":"SAMEORIGIN","x-content-type-options":"nosniff","alt-svc":"h3-29=\":443\"; ma=2592000,h3-T051=\":443\"; ma=2592000,h3-Q050=\":443\"; ma=2592000,h3-Q046=\":443\"; ma=2592000,h3-Q043=\":443\"; ma=2592000,quic=\":443\"; ma=2592000; v=\"46,43\"","accept-ranges":"none","transfer-encoding":"chunked"}
[debug] [2021-04-02T17:21:49.503Z] >>> [apiv2][query] POST https://firebasehosting.googleapis.com/v1beta1/sites/haat-bazar-9825a/versions/555d8e868d7c70e8:populateFiles [none]
[debug] [2021-04-02T17:21:49.503Z] >>> [apiv2][body] POST https://firebasehosting.googleapis.com/v1beta1/sites/haat-bazar-9825a/versions/555d8e868d7c70e8:populateFiles {"files":{"/asset-manifest.json":"7606d69e0528676a4d6aa6dbcd1e8e2dddbf830e3cf16cf522be50d12ebab5a6","/favicon.ico":"eae62e993eb980ec8a25058c39d5a51feab118bd2100c4deebb2a9c158ec11f9","/index.html":"b56853f01ba88871fd46b7538d6fa35b03621e4d4a56d4e777a9da4644a4854f","/logo192.png":"3ee59515172ee198f3be375979df15ac5345183e656720a381b8872b2a39dc8b","/logo512.png":"ee7e2f3fdb8209c4b6fd7bef6ba50d1b9dba30a25bb5c3126df057e1cb6f5331","/manifest.json":"aff3449bdc238776f5d6d967f19ec491b36aed5fb7f23ccff6500736fd58494a","/robots.txt":"bfe106a3fb878dc83461c86818bf74fc1bdc7f28538ba613cd3e775516ce8b49","/static/css/2.4c97ca4f.chunk.css":"7e6538a6f0fc738a788c03a9cee1861c42fe2f29017e5026cb867636b24dcf77","/static/css/2.4c97ca4f.chunk.css.map":"a70eaab29a7c2121a70e08850c01f71611bdc0c137e6a4b349704641c33af035","/static/css/main.5a03e39e.chunk.css":"ff3a68efbc4f15fd1b6c60f0dcce0a99e0eb00a6d1e5a9e659fd47d10d911d4e","/static/css/main.5a03e39e.chunk.css.map":"b4ca0f8b4c459322ca20422185e9b0756c18f742429a7d4d002f87cf33aa6bcd","/static/js/2.e507f2dc.chunk.js":"220aa3d7b4ca2bd5bcd810bc2d053ef566b30de95d3418839a96a28e7c795eae","/static/js/2.e507f2dc.chunk.js.LICENSE.txt":"149f95d55834ed640c4405ad904e8be7794e74827fb5a6f752efbfe147e30c6a","/static/js/2.e507f2dc.chunk.js.map":"7fcbc2862a7fd94eb3b0a8f076ae1e548dc93ee685c1cecfbc87d69f23e5d4ad","/static/js/3.93432efe.chunk.js":"6ac18ddc423de773fc499ae865d133e3184946499a672a9ab07ae5ab39b3df5f","/static/js/3.93432efe.chunk.js.map":"250dd29c3074cecf0c3b56b21fbc7ed7bc358d3d1ca2d84620867ee492764815","/static/js/main.106a43cf.chunk.js":"9c6ddc842f8dd17add61b26a8800aa85aa6821e29704ff343117a9a6f88645a6","/static/js/main.106a43cf.chunk.js.map":"54e332af6142e90fccc5cf53975ed3a654dd3bde560fd4278d22dbb8cfc8979d","/static/js/runtime-main.16ece828.js":"eef9384ae50061362f606417fc72489cf5140033f15f0091e20ad8c88aa0c2f8","/static/js/runtime-main.16ece828.js.map":"bbcce9b00022bcd6091d7f935595d1ca8a62efd907c8464af16ce3f285930eb8"}}
[debug] [2021-04-02T17:21:51.619Z] <<< [apiv2][status] POST https://firebasehosting.googleapis.com/v1beta1/sites/haat-bazar-9825a/versions/555d8e868d7c70e8:populateFiles 200
[debug] [2021-04-02T17:21:51.619Z] <<< [apiv2][body] POST https://firebasehosting.googleapis.com/v1beta1/sites/haat-bazar-9825a/versions/555d8e868d7c70e8:populateFiles {"uploadRequiredHashes":["7fcbc2862a7fd94eb3b0a8f076ae1e548dc93ee685c1cecfbc87d69f23e5d4ad"],"uploadUrl":"https://upload-firebasehosting.googleapis.com/upload/sites/haat-bazar-9825a/versions/555d8e868d7c70e8/files"}
[debug] [2021-04-02T17:21:51.620Z] >>> [apiv2][query] POST https://upload-firebasehosting.googleapis.com/upload/sites/haat-bazar-9825a/versions/555d8e868d7c70e8/files/7fcbc2862a7fd94eb3b0a8f076ae1e548dc93ee685c1cecfbc87d69f23e5d4ad [none]
[debug] [2021-04-02T17:21:51.621Z] >>> [apiv2][body] POST https://upload-firebasehosting.googleapis.com/upload/sites/haat-bazar-9825a/versions/555d8e868d7c70e8/files/7fcbc2862a7fd94eb3b0a8f076ae1e548dc93ee685c1cecfbc87d69f23e5d4ad [stream]
[debug] [2021-04-02T17:21:51.622Z] [hosting][populate queue][FINAL] {"max":3106,"min":3106,"avg":3106,"active":0,"complete":1,"success":1,"errored":0,"retried":0,"total":1,"elapsed":3108}
[debug] [2021-04-02T17:21:51.623Z] [hosting] uploads queued: 1
[debug] [2021-04-02T17:23:06.064Z] [uploadQueue] Retrying task 7fcbc2862a7fd94eb3b0a8f076ae1e548dc93ee685c1cecfbc87d69f23e5d4ad
[debug] [2021-04-02T17:23:06.065Z] >>> [apiv2][query] POST https://upload-firebasehosting.googleapis.com/upload/sites/haat-bazar-9825a/versions/555d8e868d7c70e8/files/7fcbc2862a7fd94eb3b0a8f076ae1e548dc93ee685c1cecfbc87d69f23e5d4ad [none]
[debug] [2021-04-02T17:23:06.065Z] >>> [apiv2][body] POST https://upload-firebasehosting.googleapis.com/upload/sites/haat-bazar-9825a/versions/555d8e868d7c70e8/files/7fcbc2862a7fd94eb3b0a8f076ae1e548dc93ee685c1cecfbc87d69f23e5d4ad [stream]
